0 info it worked if it ends with ok
1 verbose cli [ '/usr/bin/nodejs', '/usr/bin/npm', 'run', 'dev' ]
2 info using npm@3.5.2
3 info using node@v4.2.6
4 verbose run-script [ 'predev', 'dev', 'postdev' ]
5 info lifecycle ficus@0.0.1~predev: ficus@0.0.1
6 silly lifecycle ficus@0.0.1~predev: no script for predev, continuing
7 info lifecycle ficus@0.0.1~dev: ficus@0.0.1
8 verbose lifecycle ficus@0.0.1~dev: unsafe-perm in lifecycle true
9 verbose lifecycle ficus@0.0.1~dev: PATH: /usr/share/npm/bin/node-gyp-bin:/media/daniellotos/Games Progs/Web/Practice/FicusLin/node_modules/.bin:/home/daniellotos/bin:/home/daniellotos/.local/bin:/usr/local/sbin:/usr/local/bin:/usr/sbin:/usr/bin:/sbin:/bin:/usr/games:/usr/local/games:/snap/bin
10 verbose lifecycle ficus@0.0.1~dev: CWD: /media/daniellotos/Games Progs/Web/Practice/FicusLin
11 silly lifecycle ficus@0.0.1~dev: Args: [ '-c',
11 silly lifecycle   'cross-env NODE_ENV=development webpack-dev-server --hot' ]
12 info lifecycle ficus@0.0.1~dev: Failed to exec dev script
13 verbose stack Error: ficus@0.0.1 dev: `cross-env NODE_ENV=development webpack-dev-server --hot`
13 verbose stack spawn ENOENT
13 verbose stack     at ChildProcess.<anonymous> (/usr/share/npm/lib/utils/spawn.js:17:16)
13 verbose stack     at emitTwo (events.js:87:13)
13 verbose stack     at ChildProcess.emit (events.js:172:7)
13 verbose stack     at maybeClose (internal/child_process.js:821:16)
13 verbose stack     at Process.ChildProcess._handle.onexit (internal/child_process.js:211:5)
14 verbose pkgid ficus@0.0.1
15 verbose cwd /media/daniellotos/Games Progs/Web/Practice/FicusLin
16 error Linux 4.13.0-41-generic
17 error argv "/usr/bin/nodejs" "/usr/bin/npm" "run" "dev"
18 error node v4.2.6
19 error npm  v3.5.2
20 error file sh
21 error code ELIFECYCLE
22 error errno ENOENT
23 error syscall spawn
24 error ficus@0.0.1 dev: `cross-env NODE_ENV=development webpack-dev-server --hot`
24 error spawn ENOENT
25 error Failed at the ficus@0.0.1 dev script 'cross-env NODE_ENV=development webpack-dev-server --hot'.
25 error Make sure you have the latest version of node.js and npm installed.
25 error If you do, this is most likely a problem with the ficus package,
25 error not with npm itself.
25 error Tell the author that this fails on your system:
25 error     cross-env NODE_ENV=development webpack-dev-server --hot
25 error You can get information on how to open an issue for this project with:
25 error     npm bugs ficus
25 error Or if that isn't available, you can get their info via:
25 error     npm owner ls ficus
25 error There is likely additional logging output above.
26 verbose exit [ 1, true ]
